{"C:\\Users\\siddh\\biteRite\\backend\\controllers\\authController.js": {"path":"C:\\Users\\siddh\\biteRite\\backend\\controllers\\authController.js","statementMap":{"0":{"start":{"line":1,"column":13},"end":{"line":1,"column":38}},"1":{"start":{"line":2,"column":15},"end":{"line":2,"column":34}},"2":{"start":{"line":3,"column":12},"end":{"line":3,"column":35}},"3":{"start":{"line":5,"column":0},"end":{"line":38,"column":2}},"4":{"start":{"line":7,"column":36},"end":{"line":7,"column":44}},"5":{"start":{"line":9,"column":2},"end":{"line":36,"column":3}},"6":{"start":{"line":11,"column":25},"end":{"line":11,"column":54}},"7":{"start":{"line":13,"column":4},"end":{"line":15,"column":5}},"8":{"start":{"line":14,"column":6},"end":{"line":14,"column":70}},"9":{"start":{"line":17,"column":27},"end":{"line":17,"column":58}},"10":{"start":{"line":19,"column":17},"end":{"line":23,"column":6}},"11":{"start":{"line":25,"column":4},"end":{"line":32,"column":7}},"12":{"start":{"line":35,"column":4},"end":{"line":35,"column":51}},"13":{"start":{"line":40,"column":0},"end":{"line":62,"column":2}},"14":{"start":{"line":42,"column":30},"end":{"line":42,"column":38}},"15":{"start":{"line":44,"column":15},"end":{"line":44,"column":44}},"16":{"start":{"line":46,"column":2},"end":{"line":47,"column":68}},"17":{"start":{"line":47,"column":4},"end":{"line":47,"column":68}},"18":{"start":{"line":49,"column":16},"end":{"line":49,"column":61}},"19":{"start":{"line":51,"column":2},"end":{"line":52,"column":68}},"20":{"start":{"line":52,"column":4},"end":{"line":52,"column":68}},"21":{"start":{"line":54,"column":16},"end":{"line":58,"column":3}},"22":{"start":{"line":60,"column":2},"end":{"line":60,"column":22}}},"fnMap":{"0":{"name":"(anonymous_0)","decl":{"start":{"line":5,"column":19},"end":{"line":5,"column":20}},"loc":{"start":{"line":5,"column":39},"end":{"line":38,"column":1}},"line":5},"1":{"name":"(anonymous_1)","decl":{"start":{"line":40,"column":16},"end":{"line":40,"column":17}},"loc":{"start":{"line":40,"column":36},"end":{"line":62,"column":1}},"line":40}},"branchMap":{"0":{"loc":{"start":{"line":13,"column":4},"end":{"line":15,"column":5}},"type":"if","locations":[{"start":{"line":13,"column":4},"end":{"line":15,"column":5}},{"start":{},"end":{}}],"line":13},"1":{"loc":{"start":{"line":46,"column":2},"end":{"line":47,"column":68}},"type":"if","locations":[{"start":{"line":46,"column":2},"end":{"line":47,"column":68}},{"start":{},"end":{}}],"line":46},"2":{"loc":{"start":{"line":51,"column":2},"end":{"line":52,"column":68}},"type":"if","locations":[{"start":{"line":51,"column":2},"end":{"line":52,"column":68}},{"start":{},"end":{}}],"line":51}},"s":{"0":1,"1":1,"2":1,"3":1,"4":8,"5":8,"6":8,"7":7,"8":2,"9":5,"10":5,"11":5,"12":1,"13":1,"14":4,"15":4,"16":4,"17":1,"18":3,"19":3,"20":3,"21":0,"22":0},"f":{"0":8,"1":4},"b":{"0":[2,5],"1":[1,3],"2":[3,0]},"inputSourceMap":null,"_coverageSchema":"1a1c01bbd47fc00a2c39e90264f33305004495a9","hash":"f1636e1c1c2ef8e64ef1ad43686092b470b0a2d0"}
,"C:\\Users\\siddh\\biteRite\\backend\\controllers\\forumController.js": {"path":"C:\\Users\\siddh\\biteRite\\backend\\controllers\\forumController.js","statementMap":{"0":{"start":{"line":1,"column":13},"end":{"line":1,"column":38}},"1":{"start":{"line":4,"column":0},"end":{"line":28,"column":2}},"2":{"start":{"line":5,"column":2},"end":{"line":27,"column":3}},"3":{"start":{"line":6,"column":36},"end":{"line":6,"column":44}},"4":{"start":{"line":8,"column":4},"end":{"line":10,"column":5}},"5":{"start":{"line":9,"column":6},"end":{"line":9,"column":70}},"6":{"start":{"line":12,"column":21},"end":{"line":12,"column":70}},"7":{"start":{"line":15,"column":17},"end":{"line":21,"column":6}},"8":{"start":{"line":23,"column":22},"end":{"line":23,"column":39}},"9":{"start":{"line":24,"column":4},"end":{"line":24,"column":24}},"10":{"start":{"line":26,"column":4},"end":{"line":26,"column":51}},"11":{"start":{"line":31,"column":0},"end":{"line":39,"column":2}},"12":{"start":{"line":32,"column":2},"end":{"line":38,"column":3}},"13":{"start":{"line":34,"column":18},"end":{"line":34,"column":72}},"14":{"start":{"line":35,"column":4},"end":{"line":35,"column":20}},"15":{"start":{"line":37,"column":4},"end":{"line":37,"column":51}},"16":{"start":{"line":41,"column":0},"end":{"line":58,"column":2}},"17":{"start":{"line":42,"column":2},"end":{"line":57,"column":3}},"18":{"start":{"line":43,"column":23},"end":{"line":43,"column":31}},"19":{"start":{"line":44,"column":17},"end":{"line":44,"column":51}},"20":{"start":{"line":45,"column":4},"end":{"line":45,"column":69}},"21":{"start":{"line":45,"column":15},"end":{"line":45,"column":69}},"22":{"start":{"line":47,"column":18},"end":{"line":47,"column":46}},"23":{"start":{"line":48,"column":4},"end":{"line":52,"column":5}},"24":{"start":{"line":49,"column":6},"end":{"line":49,"column":32}},"25":{"start":{"line":51,"column":6},"end":{"line":51,"column":36}},"26":{"start":{"line":53,"column":4},"end":{"line":53,"column":22}},"27":{"start":{"line":54,"column":4},"end":{"line":54,"column":19}},"28":{"start":{"line":56,"column":4},"end":{"line":56,"column":51}},"29":{"start":{"line":62,"column":0},"end":{"line":85,"column":2}},"30":{"start":{"line":63,"column":2},"end":{"line":84,"column":3}},"31":{"start":{"line":64,"column":36},"end":{"line":64,"column":44}},"32":{"start":{"line":67,"column":17},"end":{"line":78,"column":5}},"33":{"start":{"line":80,"column":4},"end":{"line":80,"column":74}},"34":{"start":{"line":80,"column":15},"end":{"line":80,"column":74}},"35":{"start":{"line":81,"column":4},"end":{"line":81,"column":19}},"36":{"start":{"line":83,"column":4},"end":{"line":83,"column":51}},"37":{"start":{"line":88,"column":0},"end":{"line":107,"column":2}},"38":{"start":{"line":89,"column":2},"end":{"line":106,"column":3}},"39":{"start":{"line":90,"column":23},"end":{"line":90,"column":31}},"40":{"start":{"line":91,"column":17},"end":{"line":91,"column":51}},"41":{"start":{"line":93,"column":4},"end":{"line":93,"column":74}},"42":{"start":{"line":93,"column":15},"end":{"line":93,"column":74}},"43":{"start":{"line":95,"column":18},"end":{"line":95,"column":44}},"44":{"start":{"line":96,"column":4},"end":{"line":100,"column":5}},"45":{"start":{"line":97,"column":6},"end":{"line":97,"column":30}},"46":{"start":{"line":99,"column":6},"end":{"line":99,"column":34}},"47":{"start":{"line":102,"column":4},"end":{"line":102,"column":22}},"48":{"start":{"line":103,"column":4},"end":{"line":103,"column":19}},"49":{"start":{"line":105,"column":4},"end":{"line":105,"column":51}},"50":{"start":{"line":110,"column":0},"end":{"line":127,"column":2}},"51":{"start":{"line":111,"column":2},"end":{"line":126,"column":3}},"52":{"start":{"line":112,"column":17},"end":{"line":112,"column":60}},"53":{"start":{"line":113,"column":4},"end":{"line":113,"column":74}},"54":{"start":{"line":113,"column":15},"end":{"line":113,"column":74}},"55":{"start":{"line":116,"column":4},"end":{"line":121,"column":5}},"56":{"start":{"line":117,"column":17},"end":{"line":117,"column":30}},"57":{"start":{"line":118,"column":19},"end":{"line":118,"column":34}},"58":{"start":{"line":119,"column":23},"end":{"line":119,"column":64}},"59":{"start":{"line":120,"column":6},"end":{"line":120,"column":59}},"60":{"start":{"line":120,"column":35},"end":{"line":120,"column":59}},"61":{"start":{"line":123,"column":4},"end":{"line":123,"column":55}},"62":{"start":{"line":125,"column":4},"end":{"line":125,"column":51}}},"fnMap":{"0":{"name":"(anonymous_0)","decl":{"start":{"line":4,"column":21},"end":{"line":4,"column":22}},"loc":{"start":{"line":4,"column":41},"end":{"line":28,"column":1}},"line":4},"1":{"name":"(anonymous_1)","decl":{"start":{"line":31,"column":19},"end":{"line":31,"column":20}},"loc":{"start":{"line":31,"column":39},"end":{"line":39,"column":1}},"line":31},"2":{"name":"(anonymous_2)","decl":{"start":{"line":41,"column":23},"end":{"line":41,"column":24}},"loc":{"start":{"line":41,"column":43},"end":{"line":58,"column":1}},"line":41},"3":{"name":"(anonymous_3)","decl":{"start":{"line":62,"column":18},"end":{"line":62,"column":19}},"loc":{"start":{"line":62,"column":38},"end":{"line":85,"column":1}},"line":62},"4":{"name":"(anonymous_4)","decl":{"start":{"line":88,"column":21},"end":{"line":88,"column":22}},"loc":{"start":{"line":88,"column":41},"end":{"line":107,"column":1}},"line":88},"5":{"name":"(anonymous_5)","decl":{"start":{"line":110,"column":21},"end":{"line":110,"column":22}},"loc":{"start":{"line":110,"column":41},"end":{"line":127,"column":1}},"line":110}},"branchMap":{"0":{"loc":{"start":{"line":8,"column":4},"end":{"line":10,"column":5}},"type":"if","locations":[{"start":{"line":8,"column":4},"end":{"line":10,"column":5}},{"start":{},"end":{}}],"line":8},"1":{"loc":{"start":{"line":8,"column":8},"end":{"line":8,"column":35}},"type":"binary-expr","locations":[{"start":{"line":8,"column":8},"end":{"line":8,"column":16}},{"start":{"line":8,"column":20},"end":{"line":8,"column":35}}],"line":8},"2":{"loc":{"start":{"line":12,"column":21},"end":{"line":12,"column":70}},"type":"cond-expr","locations":[{"start":{"line":12,"column":32},"end":{"line":12,"column":63}},{"start":{"line":12,"column":66},"end":{"line":12,"column":70}}],"line":12},"3":{"loc":{"start":{"line":17,"column":18},"end":{"line":17,"column":83}},"type":"cond-expr","locations":[{"start":{"line":17,"column":52},"end":{"line":17,"column":69}},{"start":{"line":17,"column":72},"end":{"line":17,"column":83}}],"line":17},"4":{"loc":{"start":{"line":17,"column":18},"end":{"line":17,"column":49}},"type":"binary-expr","locations":[{"start":{"line":17,"column":18},"end":{"line":17,"column":28}},{"start":{"line":17,"column":32},"end":{"line":17,"column":49}}],"line":17},"5":{"loc":{"start":{"line":45,"column":4},"end":{"line":45,"column":69}},"type":"if","locations":[{"start":{"line":45,"column":4},"end":{"line":45,"column":69}},{"start":{},"end":{}}],"line":45},"6":{"loc":{"start":{"line":48,"column":4},"end":{"line":52,"column":5}},"type":"if","locations":[{"start":{"line":48,"column":4},"end":{"line":52,"column":5}},{"start":{"line":50,"column":11},"end":{"line":52,"column":5}}],"line":48},"7":{"loc":{"start":{"line":73,"column":24},"end":{"line":73,"column":44}},"type":"binary-expr","locations":[{"start":{"line":73,"column":24},"end":{"line":73,"column":34}},{"start":{"line":73,"column":38},"end":{"line":73,"column":44}}],"line":73},"8":{"loc":{"start":{"line":80,"column":4},"end":{"line":80,"column":74}},"type":"if","locations":[{"start":{"line":80,"column":4},"end":{"line":80,"column":74}},{"start":{},"end":{}}],"line":80},"9":{"loc":{"start":{"line":93,"column":4},"end":{"line":93,"column":74}},"type":"if","locations":[{"start":{"line":93,"column":4},"end":{"line":93,"column":74}},{"start":{},"end":{}}],"line":93},"10":{"loc":{"start":{"line":96,"column":4},"end":{"line":100,"column":5}},"type":"if","locations":[{"start":{"line":96,"column":4},"end":{"line":100,"column":5}},{"start":{"line":98,"column":11},"end":{"line":100,"column":5}}],"line":96},"11":{"loc":{"start":{"line":113,"column":4},"end":{"line":113,"column":74}},"type":"if","locations":[{"start":{"line":113,"column":4},"end":{"line":113,"column":74}},{"start":{},"end":{}}],"line":113},"12":{"loc":{"start":{"line":116,"column":4},"end":{"line":121,"column":5}},"type":"if","locations":[{"start":{"line":116,"column":4},"end":{"line":121,"column":5}},{"start":{},"end":{}}],"line":116},"13":{"loc":{"start":{"line":120,"column":6},"end":{"line":120,"column":59}},"type":"if","locations":[{"start":{"line":120,"column":6},"end":{"line":120,"column":59}},{"start":{},"end":{}}],"line":120}},"s":{"0":0,"1":0,"2":0,"3":0,"4":0,"5":0,"6":0,"7":0,"8":0,"9":0,"10":0,"11":0,"12":0,"13":0,"14":0,"15":0,"16":0,"17":0,"18":0,"19":0,"20":0,"21":0,"22":0,"23":0,"24":0,"25":0,"26":0,"27":0,"28":0,"29":0,"30":0,"31":0,"32":0,"33":0,"34":0,"35":0,"36":0,"37":0,"38":0,"39":0,"40":0,"41":0,"42":0,"43":0,"44":0,"45":0,"46":0,"47":0,"48":0,"49":0,"50":0,"51":0,"52":0,"53":0,"54":0,"55":0,"56":0,"57":0,"58":0,"59":0,"60":0,"61":0,"62":0},"f":{"0":0,"1":0,"2":0,"3":0,"4":0,"5":0},"b":{"0":[0,0],"1":[0,0],"2":[0,0],"3":[0,0],"4":[0,0],"5":[0,0],"6":[0,0],"7":[0,0],"8":[0,0],"9":[0,0],"10":[0,0],"11":[0,0],"12":[0,0],"13":[0,0]},"inputSourceMap":null}
,"C:\\Users\\siddh\\biteRite\\backend\\controllers\\recipeController.js": {"path":"C:\\Users\\siddh\\biteRite\\backend\\controllers\\recipeController.js","statementMap":{"0":{"start":{"line":1,"column":27},"end":{"line":1,"column":63}},"1":{"start":{"line":2,"column":29},"end":{"line":2,"column":64}},"2":{"start":{"line":3,"column":15},"end":{"line":3,"column":42}},"3":{"start":{"line":4,"column":13},"end":{"line":4,"column":38}},"4":{"start":{"line":6,"column":0},"end":{"line":6,"column":29}},"5":{"start":{"line":10,"column":2},"end":{"line":10,"column":26}},"6":{"start":{"line":10,"column":13},"end":{"line":10,"column":26}},"7":{"start":{"line":12,"column":2},"end":{"line":12,"column":28}},"8":{"start":{"line":14,"column":2},"end":{"line":14,"column":45}},"9":{"start":{"line":14,"column":30},"end":{"line":14,"column":45}},"10":{"start":{"line":15,"column":2},"end":{"line":15,"column":45}},"11":{"start":{"line":15,"column":28},"end":{"line":15,"column":45}},"12":{"start":{"line":17,"column":2},"end":{"line":17,"column":15}},"13":{"start":{"line":22,"column":2},"end":{"line":47,"column":4}},"14":{"start":{"line":51,"column":2},"end":{"line":102,"column":3}},"15":{"start":{"line":53,"column":4},"end":{"line":53,"column":29}},"16":{"start":{"line":54,"column":55},"end":{"line":54,"column":63}},"17":{"start":{"line":56,"column":18},"end":{"line":56,"column":69}},"18":{"start":{"line":59,"column":4},"end":{"line":61,"column":5}},"19":{"start":{"line":60,"column":6},"end":{"line":60,"column":36}},"20":{"start":{"line":63,"column":4},"end":{"line":65,"column":5}},"21":{"start":{"line":64,"column":6},"end":{"line":64,"column":26}},"22":{"start":{"line":68,"column":25},"end":{"line":68,"column":27}},"23":{"start":{"line":70,"column":4},"end":{"line":88,"column":5}},"24":{"start":{"line":72,"column":18},"end":{"line":72,"column":51}},"25":{"start":{"line":74,"column":6},"end":{"line":76,"column":17}},"26":{"start":{"line":75,"column":8},"end":{"line":75,"column":64}},"27":{"start":{"line":78,"column":26},"end":{"line":78,"column":60}},"28":{"start":{"line":80,"column":24},"end":{"line":80,"column":56}},"29":{"start":{"line":82,"column":6},"end":{"line":82,"column":35}},"30":{"start":{"line":84,"column":6},"end":{"line":87,"column":8}},"31":{"start":{"line":90,"column":4},"end":{"line":93,"column":7}},"32":{"start":{"line":96,"column":4},"end":{"line":96,"column":53}},"33":{"start":{"line":98,"column":4},"end":{"line":101,"column":7}},"34":{"start":{"line":107,"column":2},"end":{"line":146,"column":3}},"35":{"start":{"line":108,"column":25},"end":{"line":108,"column":35}},"36":{"start":{"line":109,"column":24},"end":{"line":109,"column":32}},"37":{"start":{"line":111,"column":4},"end":{"line":111,"column":96}},"38":{"start":{"line":114,"column":19},"end":{"line":114,"column":50}},"39":{"start":{"line":116,"column":4},"end":{"line":119,"column":5}},"40":{"start":{"line":117,"column":6},"end":{"line":117,"column":40}},"41":{"start":{"line":118,"column":6},"end":{"line":118,"column":83}},"42":{"start":{"line":121,"column":4},"end":{"line":121,"column":83}},"43":{"start":{"line":123,"column":4},"end":{"line":126,"column":5}},"44":{"start":{"line":124,"column":6},"end":{"line":124,"column":106}},"45":{"start":{"line":125,"column":6},"end":{"line":125,"column":118}},"46":{"start":{"line":129,"column":26},"end":{"line":133,"column":5}},"47":{"start":{"line":135,"column":4},"end":{"line":135,"column":91}},"48":{"start":{"line":137,"column":4},"end":{"line":141,"column":7}},"49":{"start":{"line":144,"column":4},"end":{"line":144,"column":57}},"50":{"start":{"line":145,"column":4},"end":{"line":145,"column":69}},"51":{"start":{"line":150,"column":2},"end":{"line":168,"column":3}},"52":{"start":{"line":151,"column":25},"end":{"line":151,"column":35}},"53":{"start":{"line":152,"column":19},"end":{"line":152,"column":96}},"54":{"start":{"line":154,"column":4},"end":{"line":156,"column":5}},"55":{"start":{"line":155,"column":6},"end":{"line":155,"column":83}},"56":{"start":{"line":158,"column":20},"end":{"line":158,"column":69}},"57":{"start":{"line":159,"column":30},"end":{"line":162,"column":5}},"58":{"start":{"line":164,"column":4},"end":{"line":164,"column":59}},"59":{"start":{"line":166,"column":4},"end":{"line":166,"column":52}},"60":{"start":{"line":167,"column":4},"end":{"line":167,"column":69}},"61":{"start":{"line":173,"column":2},"end":{"line":229,"column":3}},"62":{"start":{"line":174,"column":24},"end":{"line":174,"column":34}},"63":{"start":{"line":176,"column":4},"end":{"line":176,"column":69}},"64":{"start":{"line":179,"column":17},"end":{"line":179,"column":48}},"65":{"start":{"line":181,"column":4},"end":{"line":181,"column":40}},"66":{"start":{"line":183,"column":4},"end":{"line":186,"column":5}},"67":{"start":{"line":184,"column":6},"end":{"line":184,"column":38}},"68":{"start":{"line":185,"column":6},"end":{"line":185,"column":81}},"69":{"start":{"line":188,"column":4},"end":{"line":188,"column":44}},"70":{"start":{"line":190,"column":4},"end":{"line":193,"column":5}},"71":{"start":{"line":191,"column":6},"end":{"line":191,"column":47}},"72":{"start":{"line":192,"column":6},"end":{"line":192,"column":107}},"73":{"start":{"line":196,"column":18},"end":{"line":199,"column":5}},"74":{"start":{"line":201,"column":4},"end":{"line":201,"column":36}},"75":{"start":{"line":203,"column":27},"end":{"line":205,"column":30}},"76":{"start":{"line":207,"column":4},"end":{"line":207,"column":60}},"77":{"start":{"line":210,"column":31},"end":{"line":218,"column":5}},"78":{"start":{"line":212,"column":24},"end":{"line":212,"column":73}},"79":{"start":{"line":213,"column":8},"end":{"line":216,"column":10}},"80":{"start":{"line":220,"column":4},"end":{"line":220,"column":57}},"81":{"start":{"line":221,"column":4},"end":{"line":224,"column":7}},"82":{"start":{"line":227,"column":4},"end":{"line":227,"column":55}},"83":{"start":{"line":228,"column":4},"end":{"line":228,"column":69}},"84":{"start":{"line":234,"column":2},"end":{"line":270,"column":3}},"85":{"start":{"line":235,"column":25},"end":{"line":235,"column":35}},"86":{"start":{"line":236,"column":24},"end":{"line":236,"column":32}},"87":{"start":{"line":239,"column":17},"end":{"line":239,"column":48}},"88":{"start":{"line":241,"column":4},"end":{"line":243,"column":5}},"89":{"start":{"line":242,"column":6},"end":{"line":242,"column":86}},"90":{"start":{"line":245,"column":4},"end":{"line":247,"column":5}},"91":{"start":{"line":246,"column":6},"end":{"line":246,"column":101}},"92":{"start":{"line":250,"column":26},"end":{"line":259,"column":51}},"93":{"start":{"line":261,"column":4},"end":{"line":265,"column":7}},"94":{"start":{"line":268,"column":4},"end":{"line":268,"column":49}},"95":{"start":{"line":269,"column":4},"end":{"line":269,"column":69}},"96":{"start":{"line":275,"column":2},"end":{"line":315,"column":3}},"97":{"start":{"line":276,"column":25},"end":{"line":276,"column":35}},"98":{"start":{"line":277,"column":32},"end":{"line":277,"column":40}},"99":{"start":{"line":279,"column":4},"end":{"line":281,"column":5}},"100":{"start":{"line":280,"column":6},"end":{"line":280,"column":95}},"101":{"start":{"line":284,"column":17},"end":{"line":284,"column":48}},"102":{"start":{"line":286,"column":4},"end":{"line":288,"column":5}},"103":{"start":{"line":287,"column":6},"end":{"line":287,"column":86}},"104":{"start":{"line":290,"column":4},"end":{"line":292,"column":5}},"105":{"start":{"line":291,"column":6},"end":{"line":291,"column":101}},"106":{"start":{"line":295,"column":26},"end":{"line":304,"column":51}},"107":{"start":{"line":306,"column":4},"end":{"line":310,"column":7}},"108":{"start":{"line":313,"column":4},"end":{"line":313,"column":49}},"109":{"start":{"line":314,"column":4},"end":{"line":314,"column":69}},"110":{"start":{"line":320,"column":2},"end":{"line":390,"column":3}},"111":{"start":{"line":331,"column":8},"end":{"line":331,"column":16}},"112":{"start":{"line":334,"column":4},"end":{"line":339,"column":5}},"113":{"start":{"line":335,"column":6},"end":{"line":338,"column":9}},"114":{"start":{"line":342,"column":29},"end":{"line":342,"column":139}},"115":{"start":{"line":342,"column":82},"end":{"line":342,"column":90}},"116":{"start":{"line":342,"column":130},"end":{"line":342,"column":138}},"117":{"start":{"line":343,"column":30},"end":{"line":343,"column":143}},"118":{"start":{"line":343,"column":85},"end":{"line":343,"column":93}},"119":{"start":{"line":343,"column":134},"end":{"line":343,"column":142}},"120":{"start":{"line":345,"column":4},"end":{"line":350,"column":5}},"121":{"start":{"line":346,"column":6},"end":{"line":349,"column":9}},"122":{"start":{"line":353,"column":22},"end":{"line":370,"column":6}},"123":{"start":{"line":366,"column":103},"end":{"line":366,"column":111}},"124":{"start":{"line":373,"column":4},"end":{"line":376,"column":6}},"125":{"start":{"line":378,"column":4},"end":{"line":382,"column":7}},"126":{"start":{"line":385,"column":4},"end":{"line":385,"column":49}},"127":{"start":{"line":386,"column":4},"end":{"line":389,"column":7}},"128":{"start":{"line":395,"column":2},"end":{"line":428,"column":3}},"129":{"start":{"line":396,"column":25},"end":{"line":396,"column":35}},"130":{"start":{"line":397,"column":24},"end":{"line":397,"column":32}},"131":{"start":{"line":400,"column":19},"end":{"line":400,"column":50}},"132":{"start":{"line":402,"column":4},"end":{"line":404,"column":5}},"133":{"start":{"line":403,"column":6},"end":{"line":403,"column":83}},"134":{"start":{"line":407,"column":4},"end":{"line":409,"column":5}},"135":{"start":{"line":408,"column":6},"end":{"line":408,"column":103}},"136":{"start":{"line":412,"column":4},"end":{"line":412,"column":45}},"137":{"start":{"line":415,"column":4},"end":{"line":418,"column":6}},"138":{"start":{"line":420,"column":4},"end":{"line":423,"column":7}},"139":{"start":{"line":426,"column":4},"end":{"line":426,"column":49}},"140":{"start":{"line":427,"column":4},"end":{"line":427,"column":69}},"141":{"start":{"line":431,"column":0},"end":{"line":440,"column":2}}},"fnMap":{"0":{"name":"normalizeDiet","decl":{"start":{"line":9,"column":9},"end":{"line":9,"column":22}},"loc":{"start":{"line":9,"column":29},"end":{"line":18,"column":1}},"line":9},"1":{"name":"transformRecipe","decl":{"start":{"line":20,"column":9},"end":{"line":20,"column":24}},"loc":{"start":{"line":20,"column":44},"end":{"line":48,"column":1}},"line":20},"2":{"name":"generateRecipeController","decl":{"start":{"line":50,"column":15},"end":{"line":50,"column":39}},"loc":{"start":{"line":50,"column":50},"end":{"line":103,"column":1}},"line":50},"3":{"name":"sendForVerification","decl":{"start":{"line":106,"column":15},"end":{"line":106,"column":34}},"loc":{"start":{"line":106,"column":45},"end":{"line":147,"column":1}},"line":106},"4":{"name":"getRecipeById","decl":{"start":{"line":149,"column":15},"end":{"line":149,"column":28}},"loc":{"start":{"line":149,"column":39},"end":{"line":169,"column":1}},"line":149},"5":{"name":"getPendingVerificationRecipes","decl":{"start":{"line":172,"column":15},"end":{"line":172,"column":44}},"loc":{"start":{"line":172,"column":55},"end":{"line":230,"column":1}},"line":172},"6":{"name":"(anonymous_6)","decl":{"start":{"line":211,"column":25},"end":{"line":211,"column":26}},"loc":{"start":{"line":211,"column":43},"end":{"line":217,"column":7}},"line":211},"7":{"name":"verifyRecipe","decl":{"start":{"line":233,"column":15},"end":{"line":233,"column":27}},"loc":{"start":{"line":233,"column":38},"end":{"line":271,"column":1}},"line":233},"8":{"name":"rejectRecipe","decl":{"start":{"line":274,"column":15},"end":{"line":274,"column":27}},"loc":{"start":{"line":274,"column":38},"end":{"line":316,"column":1}},"line":274},"9":{"name":"createRecipeController","decl":{"start":{"line":319,"column":15},"end":{"line":319,"column":37}},"loc":{"start":{"line":319,"column":48},"end":{"line":391,"column":1}},"line":319},"10":{"name":"(anonymous_10)","decl":{"start":{"line":342,"column":77},"end":{"line":342,"column":78}},"loc":{"start":{"line":342,"column":82},"end":{"line":342,"column":90}},"line":342},"11":{"name":"(anonymous_11)","decl":{"start":{"line":342,"column":125},"end":{"line":342,"column":126}},"loc":{"start":{"line":342,"column":130},"end":{"line":342,"column":138}},"line":342},"12":{"name":"(anonymous_12)","decl":{"start":{"line":343,"column":80},"end":{"line":343,"column":81}},"loc":{"start":{"line":343,"column":85},"end":{"line":343,"column":93}},"line":343},"13":{"name":"(anonymous_13)","decl":{"start":{"line":343,"column":129},"end":{"line":343,"column":130}},"loc":{"start":{"line":343,"column":134},"end":{"line":343,"column":142}},"line":343},"14":{"name":"(anonymous_14)","decl":{"start":{"line":366,"column":98},"end":{"line":366,"column":99}},"loc":{"start":{"line":366,"column":103},"end":{"line":366,"column":111}},"line":366},"15":{"name":"deleteRecipeController","decl":{"start":{"line":394,"column":15},"end":{"line":394,"column":37}},"loc":{"start":{"line":394,"column":48},"end":{"line":429,"column":1}},"line":394}},"branchMap":{"0":{"loc":{"start":{"line":10,"column":2},"end":{"line":10,"column":26}},"type":"if","locations":[{"start":{"line":10,"column":2},"end":{"line":10,"column":26}},{"start":{},"end":{}}],"line":10},"1":{"loc":{"start":{"line":14,"column":2},"end":{"line":14,"column":45}},"type":"if","locations":[{"start":{"line":14,"column":2},"end":{"line":14,"column":45}},{"start":{},"end":{}}],"line":14},"2":{"loc":{"start":{"line":15,"column":2},"end":{"line":15,"column":45}},"type":"if","locations":[{"start":{"line":15,"column":2},"end":{"line":15,"column":45}},{"start":{},"end":{}}],"line":15},"3":{"loc":{"start":{"line":23,"column":11},"end":{"line":23,"column":32}},"type":"binary-expr","locations":[{"start":{"line":23,"column":11},"end":{"line":23,"column":18}},{"start":{"line":23,"column":22},"end":{"line":23,"column":32}}],"line":23},"4":{"loc":{"start":{"line":27,"column":17},"end":{"line":27,"column":36}},"type":"binary-expr","locations":[{"start":{"line":27,"column":17},"end":{"line":27,"column":30}},{"start":{"line":27,"column":34},"end":{"line":27,"column":36}}],"line":27},"5":{"loc":{"start":{"line":29,"column":18},"end":{"line":29,"column":38}},"type":"binary-expr","locations":[{"start":{"line":29,"column":18},"end":{"line":29,"column":32}},{"start":{"line":29,"column":36},"end":{"line":29,"column":38}}],"line":29},"6":{"loc":{"start":{"line":31,"column":17},"end":{"line":31,"column":39}},"type":"binary-expr","locations":[{"start":{"line":31,"column":17},"end":{"line":31,"column":33}},{"start":{"line":31,"column":37},"end":{"line":31,"column":39}}],"line":31},"7":{"loc":{"start":{"line":36,"column":16},"end":{"line":36,"column":41}},"type":"binary-expr","locations":[{"start":{"line":36,"column":16},"end":{"line":36,"column":36}},{"start":{"line":36,"column":40},"end":{"line":36,"column":41}}],"line":36},"8":{"loc":{"start":{"line":37,"column":15},"end":{"line":37,"column":39}},"type":"binary-expr","locations":[{"start":{"line":37,"column":15},"end":{"line":37,"column":34}},{"start":{"line":37,"column":38},"end":{"line":37,"column":39}}],"line":37},"9":{"loc":{"start":{"line":38,"column":13},"end":{"line":38,"column":35}},"type":"binary-expr","locations":[{"start":{"line":38,"column":13},"end":{"line":38,"column":30}},{"start":{"line":38,"column":34},"end":{"line":38,"column":35}}],"line":38},"10":{"loc":{"start":{"line":39,"column":11},"end":{"line":39,"column":31}},"type":"binary-expr","locations":[{"start":{"line":39,"column":11},"end":{"line":39,"column":26}},{"start":{"line":39,"column":30},"end":{"line":39,"column":31}}],"line":39},"11":{"loc":{"start":{"line":42,"column":16},"end":{"line":42,"column":34}},"type":"binary-expr","locations":[{"start":{"line":42,"column":16},"end":{"line":42,"column":28}},{"start":{"line":42,"column":32},"end":{"line":42,"column":34}}],"line":42},"12":{"loc":{"start":{"line":59,"column":4},"end":{"line":61,"column":5}},"type":"if","locations":[{"start":{"line":59,"column":4},"end":{"line":61,"column":5}},{"start":{},"end":{}}],"line":59},"13":{"loc":{"start":{"line":63,"column":4},"end":{"line":65,"column":5}},"type":"if","locations":[{"start":{"line":63,"column":4},"end":{"line":65,"column":5}},{"start":{},"end":{}}],"line":63},"14":{"loc":{"start":{"line":75,"column":39},"end":{"line":75,"column":62}},"type":"binary-expr","locations":[{"start":{"line":75,"column":39},"end":{"line":75,"column":51}},{"start":{"line":75,"column":55},"end":{"line":75,"column":62}}],"line":75},"15":{"loc":{"start":{"line":116,"column":4},"end":{"line":119,"column":5}},"type":"if","locations":[{"start":{"line":116,"column":4},"end":{"line":119,"column":5}},{"start":{},"end":{}}],"line":116},"16":{"loc":{"start":{"line":123,"column":4},"end":{"line":126,"column":5}},"type":"if","locations":[{"start":{"line":123,"column":4},"end":{"line":126,"column":5}},{"start":{},"end":{}}],"line":123},"17":{"loc":{"start":{"line":154,"column":4},"end":{"line":156,"column":5}},"type":"if","locations":[{"start":{"line":154,"column":4},"end":{"line":156,"column":5}},{"start":{},"end":{}}],"line":154},"18":{"loc":{"start":{"line":161,"column":19},"end":{"line":161,"column":106}},"type":"cond-expr","locations":[{"start":{"line":161,"column":29},"end":{"line":161,"column":73}},{"start":{"line":161,"column":76},"end":{"line":161,"column":106}}],"line":161},"19":{"loc":{"start":{"line":183,"column":4},"end":{"line":186,"column":5}},"type":"if","locations":[{"start":{"line":183,"column":4},"end":{"line":186,"column":5}},{"start":{},"end":{}}],"line":183},"20":{"loc":{"start":{"line":190,"column":4},"end":{"line":193,"column":5}},"type":"if","locations":[{"start":{"line":190,"column":4},"end":{"line":193,"column":5}},{"start":{},"end":{}}],"line":190},"21":{"loc":{"start":{"line":215,"column":23},"end":{"line":215,"column":110}},"type":"cond-expr","locations":[{"start":{"line":215,"column":33},"end":{"line":215,"column":77}},{"start":{"line":215,"column":80},"end":{"line":215,"column":110}}],"line":215},"22":{"loc":{"start":{"line":241,"column":4},"end":{"line":243,"column":5}},"type":"if","locations":[{"start":{"line":241,"column":4},"end":{"line":243,"column":5}},{"start":{},"end":{}}],"line":241},"23":{"loc":{"start":{"line":245,"column":4},"end":{"line":247,"column":5}},"type":"if","locations":[{"start":{"line":245,"column":4},"end":{"line":247,"column":5}},{"start":{},"end":{}}],"line":245},"24":{"loc":{"start":{"line":279,"column":4},"end":{"line":281,"column":5}},"type":"if","locations":[{"start":{"line":279,"column":4},"end":{"line":281,"column":5}},{"start":{},"end":{}}],"line":279},"25":{"loc":{"start":{"line":286,"column":4},"end":{"line":288,"column":5}},"type":"if","locations":[{"start":{"line":286,"column":4},"end":{"line":288,"column":5}},{"start":{},"end":{}}],"line":286},"26":{"loc":{"start":{"line":290,"column":4},"end":{"line":292,"column":5}},"type":"if","locations":[{"start":{"line":290,"column":4},"end":{"line":292,"column":5}},{"start":{},"end":{}}],"line":290},"27":{"loc":{"start":{"line":334,"column":4},"end":{"line":339,"column":5}},"type":"if","locations":[{"start":{"line":334,"column":4},"end":{"line":339,"column":5}},{"start":{},"end":{}}],"line":334},"28":{"loc":{"start":{"line":334,"column":8},"end":{"line":334,"column":59}},"type":"binary-expr","locations":[{"start":{"line":334,"column":8},"end":{"line":334,"column":14}},{"start":{"line":334,"column":18},"end":{"line":334,"column":30}},{"start":{"line":334,"column":34},"end":{"line":334,"column":47}},{"start":{"line":334,"column":51},"end":{"line":334,"column":59}}],"line":334},"29":{"loc":{"start":{"line":342,"column":29},"end":{"line":342,"column":139}},"type":"cond-expr","locations":[{"start":{"line":342,"column":58},"end":{"line":342,"column":91}},{"start":{"line":342,"column":94},"end":{"line":342,"column":139}}],"line":342},"30":{"loc":{"start":{"line":343,"column":30},"end":{"line":343,"column":143}},"type":"cond-expr","locations":[{"start":{"line":343,"column":60},"end":{"line":343,"column":94}},{"start":{"line":343,"column":97},"end":{"line":343,"column":143}}],"line":343},"31":{"loc":{"start":{"line":345,"column":4},"end":{"line":350,"column":5}},"type":"if","locations":[{"start":{"line":345,"column":4},"end":{"line":350,"column":5}},{"start":{},"end":{}}],"line":345},"32":{"loc":{"start":{"line":345,"column":8},"end":{"line":345,"column":71}},"type":"binary-expr","locations":[{"start":{"line":345,"column":8},"end":{"line":345,"column":37}},{"start":{"line":345,"column":41},"end":{"line":345,"column":71}}],"line":345},"33":{"loc":{"start":{"line":355,"column":13},"end":{"line":355,"column":55}},"type":"binary-expr","locations":[{"start":{"line":355,"column":13},"end":{"line":355,"column":18}},{"start":{"line":355,"column":22},"end":{"line":355,"column":55}}],"line":355},"34":{"loc":{"start":{"line":358,"column":19},"end":{"line":358,"column":46}},"type":"binary-expr","locations":[{"start":{"line":358,"column":19},"end":{"line":358,"column":40}},{"start":{"line":358,"column":44},"end":{"line":358,"column":46}}],"line":358},"35":{"loc":{"start":{"line":361,"column":18},"end":{"line":361,"column":52}},"type":"binary-expr","locations":[{"start":{"line":361,"column":18},"end":{"line":361,"column":47}},{"start":{"line":361,"column":51},"end":{"line":361,"column":52}}],"line":361},"36":{"loc":{"start":{"line":362,"column":17},"end":{"line":362,"column":50}},"type":"binary-expr","locations":[{"start":{"line":362,"column":17},"end":{"line":362,"column":45}},{"start":{"line":362,"column":49},"end":{"line":362,"column":50}}],"line":362},"37":{"loc":{"start":{"line":363,"column":15},"end":{"line":363,"column":46}},"type":"binary-expr","locations":[{"start":{"line":363,"column":15},"end":{"line":363,"column":41}},{"start":{"line":363,"column":45},"end":{"line":363,"column":46}}],"line":363},"38":{"loc":{"start":{"line":364,"column":13},"end":{"line":364,"column":42}},"type":"binary-expr","locations":[{"start":{"line":364,"column":13},"end":{"line":364,"column":37}},{"start":{"line":364,"column":41},"end":{"line":364,"column":42}}],"line":364},"39":{"loc":{"start":{"line":366,"column":18},"end":{"line":366,"column":117}},"type":"cond-expr","locations":[{"start":{"line":366,"column":46},"end":{"line":366,"column":56}},{"start":{"line":366,"column":59},"end":{"line":366,"column":117}}],"line":366},"40":{"loc":{"start":{"line":366,"column":59},"end":{"line":366,"column":117}},"type":"cond-expr","locations":[{"start":{"line":366,"column":72},"end":{"line":366,"column":112}},{"start":{"line":366,"column":115},"end":{"line":366,"column":117}}],"line":366},"41":{"loc":{"start":{"line":402,"column":4},"end":{"line":404,"column":5}},"type":"if","locations":[{"start":{"line":402,"column":4},"end":{"line":404,"column":5}},{"start":{},"end":{}}],"line":402},"42":{"loc":{"start":{"line":407,"column":4},"end":{"line":409,"column":5}},"type":"if","locations":[{"start":{"line":407,"column":4},"end":{"line":409,"column":5}},{"start":{},"end":{}}],"line":407}},"s":{"0":0,"1":0,"2":0,"3":0,"4":0,"5":0,"6":0,"7":0,"8":0,"9":0,"10":0,"11":0,"12":0,"13":0,"14":0,"15":0,"16":0,"17":0,"18":0,"19":0,"20":0,"21":0,"22":0,"23":0,"24":0,"25":0,"26":0,"27":0,"28":0,"29":0,"30":0,"31":0,"32":0,"33":0,"34":0,"35":0,"36":0,"37":0,"38":0,"39":0,"40":0,"41":0,"42":0,"43":0,"44":0,"45":0,"46":0,"47":0,"48":0,"49":0,"50":0,"51":0,"52":0,"53":0,"54":0,"55":0,"56":0,"57":0,"58":0,"59":0,"60":0,"61":0,"62":0,"63":0,"64":0,"65":0,"66":0,"67":0,"68":0,"69":0,"70":0,"71":0,"72":0,"73":0,"74":0,"75":0,"76":0,"77":0,"78":0,"79":0,"80":0,"81":0,"82":0,"83":0,"84":0,"85":0,"86":0,"87":0,"88":0,"89":0,"90":0,"91":0,"92":0,"93":0,"94":0,"95":0,"96":0,"97":0,"98":0,"99":0,"100":0,"101":0,"102":0,"103":0,"104":0,"105":0,"106":0,"107":0,"108":0,"109":0,"110":0,"111":0,"112":0,"113":0,"114":0,"115":0,"116":0,"117":0,"118":0,"119":0,"120":0,"121":0,"122":0,"123":0,"124":0,"125":0,"126":0,"127":0,"128":0,"129":0,"130":0,"131":0,"132":0,"133":0,"134":0,"135":0,"136":0,"137":0,"138":0,"139":0,"140":0,"141":0},"f":{"0":0,"1":0,"2":0,"3":0,"4":0,"5":0,"6":0,"7":0,"8":0,"9":0,"10":0,"11":0,"12":0,"13":0,"14":0,"15":0},"b":{"0":[0,0],"1":[0,0],"2":[0,0],"3":[0,0],"4":[0,0],"5":[0,0],"6":[0,0],"7":[0,0],"8":[0,0],"9":[0,0],"10":[0,0],"11":[0,0],"12":[0,0],"13":[0,0],"14":[0,0],"15":[0,0],"16":[0,0],"17":[0,0],"18":[0,0],"19":[0,0],"20":[0,0],"21":[0,0],"22":[0,0],"23":[0,0],"24":[0,0],"25":[0,0],"26":[0,0],"27":[0,0],"28":[0,0,0,0],"29":[0,0],"30":[0,0],"31":[0,0],"32":[0,0],"33":[0,0],"34":[0,0],"35":[0,0],"36":[0,0],"37":[0,0],"38":[0,0],"39":[0,0],"40":[0,0],"41":[0,0],"42":[0,0]},"inputSourceMap":null}
,"C:\\Users\\siddh\\biteRite\\backend\\controllers\\userController.js": {"path":"C:\\Users\\siddh\\biteRite\\backend\\controllers\\userController.js","statementMap":{"0":{"start":{"line":1,"column":13},"end":{"line":1,"column":38}},"1":{"start":{"line":4,"column":2},"end":{"line":47,"column":3}},"2":{"start":{"line":17,"column":8},"end":{"line":17,"column":16}},"3":{"start":{"line":19,"column":17},"end":{"line":37,"column":5}},"4":{"start":{"line":39,"column":4},"end":{"line":39,"column":32}},"5":{"start":{"line":42,"column":4},"end":{"line":42,"column":46}},"6":{"start":{"line":43,"column":4},"end":{"line":46,"column":7}},"7":{"start":{"line":51,"column":2},"end":{"line":65,"column":3}},"8":{"start":{"line":52,"column":24},"end":{"line":52,"column":34}},"9":{"start":{"line":54,"column":17},"end":{"line":54,"column":48}},"10":{"start":{"line":56,"column":4},"end":{"line":58,"column":5}},"11":{"start":{"line":57,"column":6},"end":{"line":57,"column":65}},"12":{"start":{"line":60,"column":4},"end":{"line":60,"column":19}},"13":{"start":{"line":63,"column":4},"end":{"line":63,"column":44}},"14":{"start":{"line":64,"column":4},"end":{"line":64,"column":51}},"15":{"start":{"line":69,"column":2},"end":{"line":83,"column":3}},"16":{"start":{"line":71,"column":24},"end":{"line":71,"column":34}},"17":{"start":{"line":73,"column":17},"end":{"line":73,"column":48}},"18":{"start":{"line":75,"column":4},"end":{"line":78,"column":7}},"19":{"start":{"line":81,"column":4},"end":{"line":81,"column":46}},"20":{"start":{"line":82,"column":4},"end":{"line":82,"column":45}},"21":{"start":{"line":86,"column":2},"end":{"line":100,"column":3}},"22":{"start":{"line":87,"column":24},"end":{"line":87,"column":34}},"23":{"start":{"line":89,"column":24},"end":{"line":93,"column":5}},"24":{"start":{"line":95,"column":4},"end":{"line":95,"column":26}},"25":{"start":{"line":98,"column":4},"end":{"line":98,"column":42}},"26":{"start":{"line":99,"column":4},"end":{"line":99,"column":51}},"27":{"start":{"line":103,"column":2},"end":{"line":127,"column":3}},"28":{"start":{"line":104,"column":37},"end":{"line":104,"column":45}},"29":{"start":{"line":106,"column":23},"end":{"line":106,"column":54}},"30":{"start":{"line":108,"column":4},"end":{"line":119,"column":5}},"31":{"start":{"line":109,"column":22},"end":{"line":114,"column":8}},"32":{"start":{"line":116,"column":6},"end":{"line":116,"column":27}},"33":{"start":{"line":117,"column":6},"end":{"line":117,"column":40}},"34":{"start":{"line":118,"column":6},"end":{"line":118,"column":31}},"35":{"start":{"line":121,"column":4},"end":{"line":121,"column":42}},"36":{"start":{"line":122,"column":4},"end":{"line":122,"column":34}},"37":{"start":{"line":125,"column":4},"end":{"line":125,"column":40}},"38":{"start":{"line":126,"column":4},"end":{"line":126,"column":51}},"39":{"start":{"line":130,"column":0},"end":{"line":130,"column":84}}},"fnMap":{"0":{"name":"saveUserData","decl":{"start":{"line":3,"column":15},"end":{"line":3,"column":27}},"loc":{"start":{"line":3,"column":38},"end":{"line":48,"column":1}},"line":3},"1":{"name":"getUserByClerkId","decl":{"start":{"line":50,"column":15},"end":{"line":50,"column":31}},"loc":{"start":{"line":50,"column":42},"end":{"line":66,"column":1}},"line":50},"2":{"name":"checkUser","decl":{"start":{"line":68,"column":15},"end":{"line":68,"column":24}},"loc":{"start":{"line":68,"column":35},"end":{"line":84,"column":1}},"line":68},"3":{"name":"updateUser","decl":{"start":{"line":85,"column":15},"end":{"line":85,"column":25}},"loc":{"start":{"line":85,"column":36},"end":{"line":101,"column":1}},"line":85},"4":{"name":"syncUser","decl":{"start":{"line":102,"column":15},"end":{"line":102,"column":23}},"loc":{"start":{"line":102,"column":34},"end":{"line":128,"column":1}},"line":102}},"branchMap":{"0":{"loc":{"start":{"line":24,"column":14},"end":{"line":24,"column":28}},"type":"binary-expr","locations":[{"start":{"line":24,"column":14},"end":{"line":24,"column":18}},{"start":{"line":24,"column":22},"end":{"line":24,"column":28}}],"line":24},"1":{"loc":{"start":{"line":56,"column":4},"end":{"line":58,"column":5}},"type":"if","locations":[{"start":{"line":56,"column":4},"end":{"line":58,"column":5}},{"start":{},"end":{}}],"line":56},"2":{"loc":{"start":{"line":77,"column":27},"end":{"line":77,"column":61}},"type":"binary-expr","locations":[{"start":{"line":77,"column":27},"end":{"line":77,"column":52}},{"start":{"line":77,"column":56},"end":{"line":77,"column":61}}],"line":77},"3":{"loc":{"start":{"line":108,"column":4},"end":{"line":119,"column":5}},"type":"if","locations":[{"start":{"line":108,"column":4},"end":{"line":119,"column":5}},{"start":{},"end":{}}],"line":108}},"s":{"0":0,"1":0,"2":0,"3":0,"4":0,"5":0,"6":0,"7":0,"8":0,"9":0,"10":0,"11":0,"12":0,"13":0,"14":0,"15":0,"16":0,"17":0,"18":0,"19":0,"20":0,"21":0,"22":0,"23":0,"24":0,"25":0,"26":0,"27":0,"28":0,"29":0,"30":0,"31":0,"32":0,"33":0,"34":0,"35":0,"36":0,"37":0,"38":0,"39":0},"f":{"0":0,"1":0,"2":0,"3":0,"4":0},"b":{"0":[0,0],"1":[0,0],"2":[0,0],"3":[0,0]},"inputSourceMap":null}
,"C:\\Users\\siddh\\biteRite\\backend\\models\\Post.js": {"path":"C:\\Users\\siddh\\biteRite\\backend\\models\\Post.js","statementMap":{"0":{"start":{"line":1,"column":17},"end":{"line":1,"column":36}},"1":{"start":{"line":3,"column":19},"end":{"line":25,"column":1}},"2":{"start":{"line":27,"column":0},"end":{"line":27,"column":52}}},"fnMap":{},"branchMap":{},"s":{"0":0,"1":0,"2":0},"f":{},"b":{},"inputSourceMap":null}
,"C:\\Users\\siddh\\biteRite\\backend\\models\\Recipe.js": {"path":"C:\\Users\\siddh\\biteRite\\backend\\models\\Recipe.js","statementMap":{"0":{"start":{"line":1,"column":17},"end":{"line":1,"column":36}},"1":{"start":{"line":3,"column":21},"end":{"line":73,"column":24}},"2":{"start":{"line":75,"column":0},"end":{"line":75,"column":56}}},"fnMap":{},"branchMap":{},"s":{"0":0,"1":0,"2":0},"f":{},"b":{},"inputSourceMap":null}
,"C:\\Users\\siddh\\biteRite\\backend\\models\\User.js": {"path":"C:\\Users\\siddh\\biteRite\\backend\\models\\User.js","statementMap":{"0":{"start":{"line":1,"column":17},"end":{"line":1,"column":36}},"1":{"start":{"line":3,"column":19},"end":{"line":42,"column":24}},"2":{"start":{"line":45,"column":0},"end":{"line":45,"column":76}}},"fnMap":{},"branchMap":{"0":{"loc":{"start":{"line":45,"column":17},"end":{"line":45,"column":75}},"type":"binary-expr","locations":[{"start":{"line":45,"column":17},"end":{"line":45,"column":37}},{"start":{"line":45,"column":41},"end":{"line":45,"column":75}}],"line":45}},"s":{"0":0,"1":0,"2":0},"f":{},"b":{"0":[0,0]},"inputSourceMap":null}
,"C:\\Users\\siddh\\biteRite\\backend\\routes\\authRoutes.js": {"path":"C:\\Users\\siddh\\biteRite\\backend\\routes\\authRoutes.js","statementMap":{"0":{"start":{"line":1,"column":16},"end":{"line":1,"column":34}},"1":{"start":{"line":2,"column":15},"end":{"line":2,"column":31}},"2":{"start":{"line":3,"column":23},"end":{"line":3,"column":63}},"3":{"start":{"line":5,"column":0},"end":{"line":5,"column":50}},"4":{"start":{"line":6,"column":0},"end":{"line":6,"column":44}},"5":{"start":{"line":8,"column":0},"end":{"line":8,"column":24}}},"fnMap":{},"branchMap":{},"s":{"0":0,"1":0,"2":0,"3":0,"4":0,"5":0},"f":{},"b":{},"inputSourceMap":null}
,"C:\\Users\\siddh\\biteRite\\backend\\routes\\forumRoutes.js": {"path":"C:\\Users\\siddh\\biteRite\\backend\\routes\\forumRoutes.js","statementMap":{"0":{"start":{"line":1,"column":16},"end":{"line":1,"column":34}},"1":{"start":{"line":2,"column":15},"end":{"line":2,"column":31}},"2":{"start":{"line":3,"column":15},"end":{"line":3,"column":32}},"3":{"start":{"line":4,"column":13},"end":{"line":4,"column":28}},"4":{"start":{"line":6,"column":24},"end":{"line":6,"column":65}},"5":{"start":{"line":9,"column":16},"end":{"line":18,"column":2}},"6":{"start":{"line":11,"column":4},"end":{"line":11,"column":52}},"7":{"start":{"line":14,"column":25},"end":{"line":14,"column":75}},"8":{"start":{"line":15,"column":21},"end":{"line":15,"column":59}},"9":{"start":{"line":16,"column":4},"end":{"line":16,"column":44}},"10":{"start":{"line":20,"column":15},"end":{"line":28,"column":2}},"11":{"start":{"line":23,"column":4},"end":{"line":25,"column":5}},"12":{"start":{"line":24,"column":6},"end":{"line":24,"column":61}},"13":{"start":{"line":26,"column":4},"end":{"line":26,"column":19}},"14":{"start":{"line":31,"column":0},"end":{"line":31,"column":75}},"15":{"start":{"line":33,"column":0},"end":{"line":33,"column":47}},"16":{"start":{"line":35,"column":0},"end":{"line":35,"column":53}},"17":{"start":{"line":37,"column":0},"end":{"line":37,"column":53}},"18":{"start":{"line":39,"column":0},"end":{"line":39,"column":57}},"19":{"start":{"line":41,"column":0},"end":{"line":41,"column":57}},"20":{"start":{"line":43,"column":0},"end":{"line":43,"column":24}}},"fnMap":{"0":{"name":"(anonymous_0)","decl":{"start":{"line":10,"column":15},"end":{"line":10,"column":16}},"loc":{"start":{"line":10,"column":34},"end":{"line":12,"column":3}},"line":10},"1":{"name":"(anonymous_1)","decl":{"start":{"line":13,"column":12},"end":{"line":13,"column":13}},"loc":{"start":{"line":13,"column":31},"end":{"line":17,"column":3}},"line":13},"2":{"name":"(anonymous_2)","decl":{"start":{"line":22,"column":14},"end":{"line":22,"column":15}},"loc":{"start":{"line":22,"column":33},"end":{"line":27,"column":3}},"line":22}},"branchMap":{"0":{"loc":{"start":{"line":23,"column":4},"end":{"line":25,"column":5}},"type":"if","locations":[{"start":{"line":23,"column":4},"end":{"line":25,"column":5}},{"start":{},"end":{}}],"line":23}},"s":{"0":0,"1":0,"2":0,"3":0,"4":0,"5":0,"6":0,"7":0,"8":0,"9":0,"10":0,"11":0,"12":0,"13":0,"14":0,"15":0,"16":0,"17":0,"18":0,"19":0,"20":0},"f":{"0":0,"1":0,"2":0},"b":{"0":[0,0]},"inputSourceMap":null}
,"C:\\Users\\siddh\\biteRite\\backend\\routes\\recipeRoutes.js": {"path":"C:\\Users\\siddh\\biteRite\\backend\\routes\\recipeRoutes.js","statementMap":{"0":{"start":{"line":1,"column":16},"end":{"line":1,"column":34}},"1":{"start":{"line":12,"column":4},"end":{"line":12,"column":46}},"2":{"start":{"line":14,"column":15},"end":{"line":14,"column":31}},"3":{"start":{"line":16,"column":15},"end":{"line":16,"column":42}},"4":{"start":{"line":17,"column":13},"end":{"line":17,"column":38}},"5":{"start":{"line":19,"column":0},"end":{"line":19,"column":51}},"6":{"start":{"line":21,"column":0},"end":{"line":21,"column":47}},"7":{"start":{"line":23,"column":0},"end":{"line":23,"column":52}},"8":{"start":{"line":25,"column":0},"end":{"line":39,"column":3}},"9":{"start":{"line":26,"column":2},"end":{"line":38,"column":3}},"10":{"start":{"line":27,"column":18},"end":{"line":27,"column":27}},"11":{"start":{"line":29,"column":20},"end":{"line":31,"column":15}},"12":{"start":{"line":33,"column":4},"end":{"line":33,"column":41}},"13":{"start":{"line":36,"column":4},"end":{"line":36,"column":23}},"14":{"start":{"line":37,"column":4},"end":{"line":37,"column":45}},"15":{"start":{"line":41,"column":0},"end":{"line":55,"column":3}},"16":{"start":{"line":42,"column":2},"end":{"line":54,"column":3}},"17":{"start":{"line":43,"column":24},"end":{"line":43,"column":34}},"18":{"start":{"line":45,"column":20},"end":{"line":47,"column":15}},"19":{"start":{"line":49,"column":4},"end":{"line":49,"column":41}},"20":{"start":{"line":52,"column":4},"end":{"line":52,"column":23}},"21":{"start":{"line":53,"column":4},"end":{"line":53,"column":45}},"22":{"start":{"line":58,"column":0},"end":{"line":58,"column":76}},"23":{"start":{"line":60,"column":0},"end":{"line":88,"column":3}},"24":{"start":{"line":61,"column":2},"end":{"line":87,"column":3}},"25":{"start":{"line":63,"column":28},"end":{"line":66,"column":16}},"26":{"start":{"line":69,"column":31},"end":{"line":77,"column":5}},"27":{"start":{"line":71,"column":24},"end":{"line":71,"column":73}},"28":{"start":{"line":72,"column":8},"end":{"line":75,"column":10}},"29":{"start":{"line":79,"column":4},"end":{"line":82,"column":7}},"30":{"start":{"line":85,"column":4},"end":{"line":85,"column":56}},"31":{"start":{"line":86,"column":4},"end":{"line":86,"column":69}},"32":{"start":{"line":90,"column":0},"end":{"line":126,"column":3}},"33":{"start":{"line":91,"column":2},"end":{"line":125,"column":3}},"34":{"start":{"line":92,"column":24},"end":{"line":92,"column":34}},"35":{"start":{"line":95,"column":17},"end":{"line":95,"column":48}},"36":{"start":{"line":97,"column":4},"end":{"line":99,"column":5}},"37":{"start":{"line":98,"column":6},"end":{"line":98,"column":108}},"38":{"start":{"line":102,"column":28},"end":{"line":104,"column":37}},"39":{"start":{"line":107,"column":31},"end":{"line":115,"column":5}},"40":{"start":{"line":109,"column":24},"end":{"line":109,"column":73}},"41":{"start":{"line":110,"column":8},"end":{"line":113,"column":10}},"42":{"start":{"line":117,"column":4},"end":{"line":120,"column":7}},"43":{"start":{"line":123,"column":4},"end":{"line":123,"column":56}},"44":{"start":{"line":124,"column":4},"end":{"line":124,"column":69}},"45":{"start":{"line":129,"column":0},"end":{"line":129,"column":69}},"46":{"start":{"line":131,"column":0},"end":{"line":131,"column":47}},"47":{"start":{"line":133,"column":0},"end":{"line":133,"column":47}},"48":{"start":{"line":136,"column":0},"end":{"line":162,"column":3}},"49":{"start":{"line":137,"column":2},"end":{"line":161,"column":3}},"50":{"start":{"line":138,"column":20},"end":{"line":140,"column":30}},"51":{"start":{"line":142,"column":4},"end":{"line":142,"column":51}},"52":{"start":{"line":145,"column":18},"end":{"line":150,"column":5}},"53":{"start":{"line":147,"column":35},"end":{"line":147,"column":65}},"54":{"start":{"line":148,"column":36},"end":{"line":148,"column":66}},"55":{"start":{"line":149,"column":36},"end":{"line":149,"column":97}},"56":{"start":{"line":152,"column":4},"end":{"line":152,"column":36}},"57":{"start":{"line":154,"column":4},"end":{"line":158,"column":7}},"58":{"start":{"line":160,"column":4},"end":{"line":160,"column":69}},"59":{"start":{"line":165,"column":0},"end":{"line":193,"column":3}},"60":{"start":{"line":166,"column":2},"end":{"line":192,"column":3}},"61":{"start":{"line":167,"column":24},"end":{"line":167,"column":34}},"62":{"start":{"line":169,"column":4},"end":{"line":169,"column":66}},"63":{"start":{"line":172,"column":18},"end":{"line":172,"column":66}},"64":{"start":{"line":173,"column":4},"end":{"line":173,"column":69}},"65":{"start":{"line":176,"column":18},"end":{"line":176,"column":67}},"66":{"start":{"line":177,"column":4},"end":{"line":177,"column":70}},"67":{"start":{"line":180,"column":18},"end":{"line":180,"column":94}},"68":{"start":{"line":181,"column":4},"end":{"line":181,"column":52}},"69":{"start":{"line":183,"column":4},"end":{"line":189,"column":7}},"70":{"start":{"line":191,"column":4},"end":{"line":191,"column":69}},"71":{"start":{"line":196,"column":0},"end":{"line":196,"column":40}},"72":{"start":{"line":197,"column":0},"end":{"line":223,"column":3}},"73":{"start":{"line":198,"column":2},"end":{"line":222,"column":3}},"74":{"start":{"line":199,"column":20},"end":{"line":201,"column":30}},"75":{"start":{"line":203,"column":4},"end":{"line":203,"column":51}},"76":{"start":{"line":206,"column":18},"end":{"line":211,"column":5}},"77":{"start":{"line":208,"column":35},"end":{"line":208,"column":65}},"78":{"start":{"line":209,"column":36},"end":{"line":209,"column":66}},"79":{"start":{"line":210,"column":36},"end":{"line":210,"column":97}},"80":{"start":{"line":213,"column":4},"end":{"line":213,"column":36}},"81":{"start":{"line":215,"column":4},"end":{"line":219,"column":7}},"82":{"start":{"line":221,"column":4},"end":{"line":221,"column":69}},"83":{"start":{"line":226,"column":0},"end":{"line":254,"column":3}},"84":{"start":{"line":227,"column":2},"end":{"line":253,"column":3}},"85":{"start":{"line":228,"column":24},"end":{"line":228,"column":34}},"86":{"start":{"line":230,"column":4},"end":{"line":230,"column":66}},"87":{"start":{"line":233,"column":18},"end":{"line":233,"column":66}},"88":{"start":{"line":234,"column":4},"end":{"line":234,"column":69}},"89":{"start":{"line":237,"column":18},"end":{"line":237,"column":67}},"90":{"start":{"line":238,"column":4},"end":{"line":238,"column":70}},"91":{"start":{"line":241,"column":18},"end":{"line":241,"column":94}},"92":{"start":{"line":242,"column":4},"end":{"line":242,"column":52}},"93":{"start":{"line":244,"column":4},"end":{"line":250,"column":7}},"94":{"start":{"line":252,"column":4},"end":{"line":252,"column":69}},"95":{"start":{"line":256,"column":0},"end":{"line":256,"column":24}}},"fnMap":{"0":{"name":"(anonymous_0)","decl":{"start":{"line":25,"column":22},"end":{"line":25,"column":23}},"loc":{"start":{"line":25,"column":42},"end":{"line":39,"column":1}},"line":25},"1":{"name":"(anonymous_1)","decl":{"start":{"line":41,"column":31},"end":{"line":41,"column":32}},"loc":{"start":{"line":41,"column":51},"end":{"line":55,"column":1}},"line":41},"2":{"name":"(anonymous_2)","decl":{"start":{"line":60,"column":24},"end":{"line":60,"column":25}},"loc":{"start":{"line":60,"column":44},"end":{"line":88,"column":1}},"line":60},"3":{"name":"(anonymous_3)","decl":{"start":{"line":70,"column":26},"end":{"line":70,"column":27}},"loc":{"start":{"line":70,"column":44},"end":{"line":76,"column":7}},"line":70},"4":{"name":"(anonymous_4)","decl":{"start":{"line":90,"column":33},"end":{"line":90,"column":34}},"loc":{"start":{"line":90,"column":53},"end":{"line":126,"column":1}},"line":90},"5":{"name":"(anonymous_5)","decl":{"start":{"line":108,"column":26},"end":{"line":108,"column":27}},"loc":{"start":{"line":108,"column":44},"end":{"line":114,"column":7}},"line":108},"6":{"name":"(anonymous_6)","decl":{"start":{"line":136,"column":33},"end":{"line":136,"column":34}},"loc":{"start":{"line":136,"column":53},"end":{"line":162,"column":1}},"line":136},"7":{"name":"(anonymous_7)","decl":{"start":{"line":147,"column":30},"end":{"line":147,"column":31}},"loc":{"start":{"line":147,"column":35},"end":{"line":147,"column":65}},"line":147},"8":{"name":"(anonymous_8)","decl":{"start":{"line":148,"column":31},"end":{"line":148,"column":32}},"loc":{"start":{"line":148,"column":36},"end":{"line":148,"column":66}},"line":148},"9":{"name":"(anonymous_9)","decl":{"start":{"line":149,"column":31},"end":{"line":149,"column":32}},"loc":{"start":{"line":149,"column":36},"end":{"line":149,"column":97}},"line":149},"10":{"name":"(anonymous_10)","decl":{"start":{"line":165,"column":43},"end":{"line":165,"column":44}},"loc":{"start":{"line":165,"column":63},"end":{"line":193,"column":1}},"line":165},"11":{"name":"(anonymous_11)","decl":{"start":{"line":197,"column":33},"end":{"line":197,"column":34}},"loc":{"start":{"line":197,"column":53},"end":{"line":223,"column":1}},"line":197},"12":{"name":"(anonymous_12)","decl":{"start":{"line":208,"column":30},"end":{"line":208,"column":31}},"loc":{"start":{"line":208,"column":35},"end":{"line":208,"column":65}},"line":208},"13":{"name":"(anonymous_13)","decl":{"start":{"line":209,"column":31},"end":{"line":209,"column":32}},"loc":{"start":{"line":209,"column":36},"end":{"line":209,"column":66}},"line":209},"14":{"name":"(anonymous_14)","decl":{"start":{"line":210,"column":31},"end":{"line":210,"column":32}},"loc":{"start":{"line":210,"column":36},"end":{"line":210,"column":97}},"line":210},"15":{"name":"(anonymous_15)","decl":{"start":{"line":226,"column":43},"end":{"line":226,"column":44}},"loc":{"start":{"line":226,"column":63},"end":{"line":254,"column":1}},"line":226}},"branchMap":{"0":{"loc":{"start":{"line":74,"column":23},"end":{"line":74,"column":110}},"type":"cond-expr","locations":[{"start":{"line":74,"column":33},"end":{"line":74,"column":77}},{"start":{"line":74,"column":80},"end":{"line":74,"column":110}}],"line":74},"1":{"loc":{"start":{"line":97,"column":4},"end":{"line":99,"column":5}},"type":"if","locations":[{"start":{"line":97,"column":4},"end":{"line":99,"column":5}},{"start":{},"end":{}}],"line":97},"2":{"loc":{"start":{"line":97,"column":8},"end":{"line":97,"column":42}},"type":"binary-expr","locations":[{"start":{"line":97,"column":8},"end":{"line":97,"column":13}},{"start":{"line":97,"column":17},"end":{"line":97,"column":42}}],"line":97},"3":{"loc":{"start":{"line":112,"column":23},"end":{"line":112,"column":110}},"type":"cond-expr","locations":[{"start":{"line":112,"column":33},"end":{"line":112,"column":77}},{"start":{"line":112,"column":80},"end":{"line":112,"column":110}}],"line":112},"4":{"loc":{"start":{"line":149,"column":36},"end":{"line":149,"column":97}},"type":"binary-expr","locations":[{"start":{"line":149,"column":36},"end":{"line":149,"column":62}},{"start":{"line":149,"column":66},"end":{"line":149,"column":97}}],"line":149},"5":{"loc":{"start":{"line":210,"column":36},"end":{"line":210,"column":97}},"type":"binary-expr","locations":[{"start":{"line":210,"column":36},"end":{"line":210,"column":62}},{"start":{"line":210,"column":66},"end":{"line":210,"column":97}}],"line":210}},"s":{"0":0,"1":0,"2":0,"3":0,"4":0,"5":0,"6":0,"7":0,"8":0,"9":0,"10":0,"11":0,"12":0,"13":0,"14":0,"15":0,"16":0,"17":0,"18":0,"19":0,"20":0,"21":0,"22":0,"23":0,"24":0,"25":0,"26":0,"27":0,"28":0,"29":0,"30":0,"31":0,"32":0,"33":0,"34":0,"35":0,"36":0,"37":0,"38":0,"39":0,"40":0,"41":0,"42":0,"43":0,"44":0,"45":0,"46":0,"47":0,"48":0,"49":0,"50":0,"51":0,"52":0,"53":0,"54":0,"55":0,"56":0,"57":0,"58":0,"59":0,"60":0,"61":0,"62":0,"63":0,"64":0,"65":0,"66":0,"67":0,"68":0,"69":0,"70":0,"71":0,"72":0,"73":0,"74":0,"75":0,"76":0,"77":0,"78":0,"79":0,"80":0,"81":0,"82":0,"83":0,"84":0,"85":0,"86":0,"87":0,"88":0,"89":0,"90":0,"91":0,"92":0,"93":0,"94":0,"95":0},"f":{"0":0,"1":0,"2":0,"3":0,"4":0,"5":0,"6":0,"7":0,"8":0,"9":0,"10":0,"11":0,"12":0,"13":0,"14":0,"15":0},"b":{"0":[0,0],"1":[0,0],"2":[0,0],"3":[0,0],"4":[0,0],"5":[0,0]},"inputSourceMap":null}
,"C:\\Users\\siddh\\biteRite\\backend\\routes\\userRoutes.js": {"path":"C:\\Users\\siddh\\biteRite\\backend\\routes\\userRoutes.js","statementMap":{"0":{"start":{"line":1,"column":16},"end":{"line":1,"column":34}},"1":{"start":{"line":2,"column":15},"end":{"line":2,"column":31}},"2":{"start":{"line":4,"column":13},"end":{"line":4,"column":38}},"3":{"start":{"line":12,"column":4},"end":{"line":12,"column":44}},"4":{"start":{"line":13,"column":0},"end":{"line":13,"column":37}},"5":{"start":{"line":14,"column":0},"end":{"line":14,"column":41}},"6":{"start":{"line":15,"column":0},"end":{"line":15,"column":31}},"7":{"start":{"line":16,"column":0},"end":{"line":16,"column":41}},"8":{"start":{"line":17,"column":0},"end":{"line":17,"column":42}},"9":{"start":{"line":18,"column":0},"end":{"line":18,"column":36}},"10":{"start":{"line":20,"column":0},"end":{"line":49,"column":3}},"11":{"start":{"line":21,"column":2},"end":{"line":48,"column":3}},"12":{"start":{"line":22,"column":24},"end":{"line":22,"column":34}},"13":{"start":{"line":24,"column":17},"end":{"line":27,"column":28}},"14":{"start":{"line":29,"column":4},"end":{"line":31,"column":5}},"15":{"start":{"line":30,"column":6},"end":{"line":30,"column":42}},"16":{"start":{"line":34,"column":32},"end":{"line":34,"column":59}},"17":{"start":{"line":35,"column":31},"end":{"line":35,"column":89}},"18":{"start":{"line":35,"column":68},"end":{"line":35,"column":88}},"19":{"start":{"line":37,"column":4},"end":{"line":43,"column":7}},"20":{"start":{"line":46,"column":4},"end":{"line":46,"column":23}},"21":{"start":{"line":47,"column":4},"end":{"line":47,"column":45}},"22":{"start":{"line":52,"column":0},"end":{"line":81,"column":3}},"23":{"start":{"line":53,"column":2},"end":{"line":80,"column":3}},"24":{"start":{"line":54,"column":24},"end":{"line":54,"column":32}},"25":{"start":{"line":55,"column":25},"end":{"line":55,"column":35}},"26":{"start":{"line":57,"column":17},"end":{"line":57,"column":48}},"27":{"start":{"line":59,"column":4},"end":{"line":59,"column":63}},"28":{"start":{"line":59,"column":15},"end":{"line":59,"column":63}},"29":{"start":{"line":61,"column":25},"end":{"line":61,"column":61}},"30":{"start":{"line":63,"column":4},"end":{"line":68,"column":5}},"31":{"start":{"line":65,"column":6},"end":{"line":65,"column":39}},"32":{"start":{"line":67,"column":6},"end":{"line":67,"column":39}},"33":{"start":{"line":70,"column":4},"end":{"line":70,"column":22}},"34":{"start":{"line":72,"column":4},"end":{"line":75,"column":7}},"35":{"start":{"line":78,"column":4},"end":{"line":78,"column":23}},"36":{"start":{"line":79,"column":4},"end":{"line":79,"column":45}},"37":{"start":{"line":84,"column":0},"end":{"line":112,"column":3}},"38":{"start":{"line":85,"column":2},"end":{"line":111,"column":3}},"39":{"start":{"line":86,"column":24},"end":{"line":86,"column":32}},"40":{"start":{"line":87,"column":25},"end":{"line":87,"column":35}},"41":{"start":{"line":89,"column":17},"end":{"line":89,"column":48}},"42":{"start":{"line":91,"column":4},"end":{"line":91,"column":63}},"43":{"start":{"line":91,"column":15},"end":{"line":91,"column":63}},"44":{"start":{"line":93,"column":23},"end":{"line":93,"column":56}},"45":{"start":{"line":95,"column":4},"end":{"line":99,"column":5}},"46":{"start":{"line":96,"column":6},"end":{"line":96,"column":36}},"47":{"start":{"line":98,"column":6},"end":{"line":98,"column":36}},"48":{"start":{"line":101,"column":4},"end":{"line":101,"column":22}},"49":{"start":{"line":103,"column":4},"end":{"line":106,"column":7}},"50":{"start":{"line":109,"column":4},"end":{"line":109,"column":23}},"51":{"start":{"line":110,"column":4},"end":{"line":110,"column":45}},"52":{"start":{"line":114,"column":0},"end":{"line":114,"column":24}}},"fnMap":{"0":{"name":"(anonymous_0)","decl":{"start":{"line":20,"column":32},"end":{"line":20,"column":33}},"loc":{"start":{"line":20,"column":52},"end":{"line":49,"column":1}},"line":20},"1":{"name":"(anonymous_1)","decl":{"start":{"line":35,"column":58},"end":{"line":35,"column":59}},"loc":{"start":{"line":35,"column":68},"end":{"line":35,"column":88}},"line":35},"2":{"name":"(anonymous_2)","decl":{"start":{"line":52,"column":31},"end":{"line":52,"column":32}},"loc":{"start":{"line":52,"column":51},"end":{"line":81,"column":1}},"line":52},"3":{"name":"(anonymous_3)","decl":{"start":{"line":84,"column":35},"end":{"line":84,"column":36}},"loc":{"start":{"line":84,"column":55},"end":{"line":112,"column":1}},"line":84}},"branchMap":{"0":{"loc":{"start":{"line":29,"column":4},"end":{"line":31,"column":5}},"type":"if","locations":[{"start":{"line":29,"column":4},"end":{"line":31,"column":5}},{"start":{},"end":{}}],"line":29},"1":{"loc":{"start":{"line":34,"column":32},"end":{"line":34,"column":59}},"type":"binary-expr","locations":[{"start":{"line":34,"column":32},"end":{"line":34,"column":53}},{"start":{"line":34,"column":57},"end":{"line":34,"column":59}}],"line":34},"2":{"loc":{"start":{"line":59,"column":4},"end":{"line":59,"column":63}},"type":"if","locations":[{"start":{"line":59,"column":4},"end":{"line":59,"column":63}},{"start":{},"end":{}}],"line":59},"3":{"loc":{"start":{"line":63,"column":4},"end":{"line":68,"column":5}},"type":"if","locations":[{"start":{"line":63,"column":4},"end":{"line":68,"column":5}},{"start":{"line":66,"column":11},"end":{"line":68,"column":5}}],"line":63},"4":{"loc":{"start":{"line":91,"column":4},"end":{"line":91,"column":63}},"type":"if","locations":[{"start":{"line":91,"column":4},"end":{"line":91,"column":63}},{"start":{},"end":{}}],"line":91},"5":{"loc":{"start":{"line":95,"column":4},"end":{"line":99,"column":5}},"type":"if","locations":[{"start":{"line":95,"column":4},"end":{"line":99,"column":5}},{"start":{"line":97,"column":11},"end":{"line":99,"column":5}}],"line":95}},"s":{"0":0,"1":0,"2":0,"3":0,"4":0,"5":0,"6":0,"7":0,"8":0,"9":0,"10":0,"11":0,"12":0,"13":0,"14":0,"15":0,"16":0,"17":0,"18":0,"19":0,"20":0,"21":0,"22":0,"23":0,"24":0,"25":0,"26":0,"27":0,"28":0,"29":0,"30":0,"31":0,"32":0,"33":0,"34":0,"35":0,"36":0,"37":0,"38":0,"39":0,"40":0,"41":0,"42":0,"43":0,"44":0,"45":0,"46":0,"47":0,"48":0,"49":0,"50":0,"51":0,"52":0},"f":{"0":0,"1":0,"2":0,"3":0},"b":{"0":[0,0],"1":[0,0],"2":[0,0],"3":[0,0],"4":[0,0],"5":[0,0]},"inputSourceMap":null}
,"C:\\Users\\siddh\\biteRite\\backend\\services\\geminiService.js": {"path":"C:\\Users\\siddh\\biteRite\\backend\\services\\geminiService.js","statementMap":{"0":{"start":{"line":1,"column":31},"end":{"line":1,"column":63}},"1":{"start":{"line":3,"column":0},"end":{"line":3,"column":59}},"2":{"start":{"line":5,"column":14},"end":{"line":5,"column":64}},"3":{"start":{"line":9,"column":2},"end":{"line":56,"column":3}},"4":{"start":{"line":10,"column":18},"end":{"line":12,"column":6}},"5":{"start":{"line":14,"column":19},"end":{"line":43,"column":5}},"6":{"start":{"line":45,"column":19},"end":{"line":45,"column":54}},"7":{"start":{"line":47,"column":17},"end":{"line":47,"column":39}},"8":{"start":{"line":49,"column":4},"end":{"line":49,"column":22}},"9":{"start":{"line":51,"column":4},"end":{"line":51,"column":16}},"10":{"start":{"line":54,"column":4},"end":{"line":54,"column":42}},"11":{"start":{"line":55,"column":4},"end":{"line":55,"column":16}},"12":{"start":{"line":59,"column":0},"end":{"line":59,"column":36}}},"fnMap":{"0":{"name":"generateRecipe","decl":{"start":{"line":7,"column":15},"end":{"line":7,"column":29}},"loc":{"start":{"line":7,"column":61},"end":{"line":57,"column":1}},"line":7}},"branchMap":{},"s":{"0":0,"1":0,"2":0,"3":0,"4":0,"5":0,"6":0,"7":0,"8":0,"9":0,"10":0,"11":0,"12":0},"f":{"0":0},"b":{},"inputSourceMap":null}
,"C:\\Users\\siddh\\biteRite\\backend\\services\\imageService.js": {"path":"C:\\Users\\siddh\\biteRite\\backend\\services\\imageService.js","statementMap":{"0":{"start":{"line":1,"column":14},"end":{"line":1,"column":30}},"1":{"start":{"line":5,"column":19},"end":{"line":17,"column":3}},"2":{"start":{"line":19,"column":18},"end":{"line":19,"column":39}},"3":{"start":{"line":23,"column":2},"end":{"line":29,"column":3}},"4":{"start":{"line":26,"column":24},"end":{"line":26,"column":66}},"5":{"start":{"line":28,"column":4},"end":{"line":28,"column":43}},"6":{"start":{"line":31,"column":2},"end":{"line":31,"column":55}},"7":{"start":{"line":34,"column":0},"end":{"line":34,"column":38}}},"fnMap":{"0":{"name":"fetchRecipeImage","decl":{"start":{"line":3,"column":15},"end":{"line":3,"column":31}},"loc":{"start":{"line":3,"column":39},"end":{"line":32,"column":1}},"line":3}},"branchMap":{"0":{"loc":{"start":{"line":23,"column":2},"end":{"line":29,"column":3}},"type":"if","locations":[{"start":{"line":23,"column":2},"end":{"line":29,"column":3}},{"start":{},"end":{}}],"line":23}},"s":{"0":0,"1":0,"2":0,"3":0,"4":0,"5":0,"6":0,"7":0},"f":{"0":0},"b":{"0":[0,0]},"inputSourceMap":null}
,"C:\\Users\\siddh\\biteRite\\backend\\utils\\healthRules.js": {"path":"C:\\Users\\siddh\\biteRite\\backend\\utils\\healthRules.js","statementMap":{"0":{"start":{"line":3,"column":2},"end":{"line":16,"column":5}},"1":{"start":{"line":5,"column":4},"end":{"line":6,"column":19}},"2":{"start":{"line":6,"column":6},"end":{"line":6,"column":19}},"3":{"start":{"line":8,"column":4},"end":{"line":9,"column":19}},"4":{"start":{"line":9,"column":6},"end":{"line":9,"column":19}},"5":{"start":{"line":11,"column":4},"end":{"line":12,"column":19}},"6":{"start":{"line":12,"column":6},"end":{"line":12,"column":19}},"7":{"start":{"line":14,"column":4},"end":{"line":14,"column":16}},"8":{"start":{"line":20,"column":0},"end":{"line":20,"column":31}}},"fnMap":{"0":{"name":"filterRecipes","decl":{"start":{"line":1,"column":9},"end":{"line":1,"column":22}},"loc":{"start":{"line":1,"column":44},"end":{"line":18,"column":1}},"line":1},"1":{"name":"(anonymous_1)","decl":{"start":{"line":3,"column":24},"end":{"line":3,"column":25}},"loc":{"start":{"line":3,"column":34},"end":{"line":16,"column":3}},"line":3}},"branchMap":{"0":{"loc":{"start":{"line":5,"column":4},"end":{"line":6,"column":19}},"type":"if","locations":[{"start":{"line":5,"column":4},"end":{"line":6,"column":19}},{"start":{},"end":{}}],"line":5},"1":{"loc":{"start":{"line":5,"column":8},"end":{"line":5,"column":70}},"type":"binary-expr","locations":[{"start":{"line":5,"column":8},"end":{"line":5,"column":39}},{"start":{"line":5,"column":43},"end":{"line":5,"column":70}}],"line":5},"2":{"loc":{"start":{"line":8,"column":4},"end":{"line":9,"column":19}},"type":"if","locations":[{"start":{"line":8,"column":4},"end":{"line":9,"column":19}},{"start":{},"end":{}}],"line":8},"3":{"loc":{"start":{"line":8,"column":8},"end":{"line":8,"column":76}},"type":"binary-expr","locations":[{"start":{"line":8,"column":8},"end":{"line":8,"column":43}},{"start":{"line":8,"column":47},"end":{"line":8,"column":76}}],"line":8},"4":{"loc":{"start":{"line":11,"column":4},"end":{"line":12,"column":19}},"type":"if","locations":[{"start":{"line":11,"column":4},"end":{"line":12,"column":19}},{"start":{},"end":{}}],"line":11},"5":{"loc":{"start":{"line":11,"column":8},"end":{"line":11,"column":73}},"type":"binary-expr","locations":[{"start":{"line":11,"column":8},"end":{"line":11,"column":38}},{"start":{"line":11,"column":42},"end":{"line":11,"column":73}}],"line":11}},"s":{"0":0,"1":0,"2":0,"3":0,"4":0,"5":0,"6":0,"7":0,"8":0},"f":{"0":0,"1":0},"b":{"0":[0,0],"1":[0,0],"2":[0,0],"3":[0,0],"4":[0,0],"5":[0,0]},"inputSourceMap":null}
}
